<?xml version="1.0" encoding="UTF-8"?>
<!-- Generated by org.testng.reporters.JUnitXMLReporter -->
<testsuite ignored="1" hostname="DESKTOP-VVISJF1" failures="0" tests="2" name="DraftTest" time="40.636" errors="0" timestamp="2024-05-29T14:08:58 IST">
  <testcase classname="Nirbhay.SeleniumFW.DraftTest" name="SubmitOrder" time="9.572"/>
  <testcase classname="Nirbhay.SeleniumFW.DraftTest" name="SubmitOrder" time="16.158"/>
  <testcase classname="Nirbhay.SeleniumFW.DraftTest" name="OrderPageTest" time="0.0">
    <ignored/>
  </testcase> <!-- OrderPageTest -->
</testsuite> <!-- DraftTest -->
