<?xml version="1.0" encoding="UTF-8"?>
<!-- Generated by org.testng.reporters.JUnitXMLReporter -->
<testsuite ignored="0" hostname="DESKTOP-VVISJF1" failures="0" tests="3" name="DraftTest" time="91.956" errors="0" timestamp="2023-04-21T12:34:16 IST">
  <testcase classname="Nirbhay.SeleniumFW.DraftTest" name="SubmitOrder" time="16.848"/>
  <testcase classname="Nirbhay.SeleniumFW.DraftTest" name="SubmitOrder" time="12.377"/>
  <testcase classname="Nirbhay.SeleniumFW.DraftTest" name="OrderPageTest" time="3.911"/>
</testsuite> <!-- DraftTest -->
