<?xml version="1.0" encoding="UTF-8"?>
<!-- Generated by org.testng.reporters.JUnitXMLReporter -->
<testsuite ignored="0" hostname="DESKTOP-VVISJF1" failures="1" tests="2" name="ErrorTest" time="58.174" errors="0" timestamp="2023-04-21T12:33:43 IST">
  <testcase classname="Nirbhay.SeleniumFW.ErrorValidation" name="ErrorValidation" time="3.205">
    <failure type="java.lang.AssertionError" message="expected [Incorrect email password.] but found [Incorrect email or password.]">
      <![CDATA[java.lang.AssertionError: expected [Incorrect email password.] but found [Incorrect email or password.]
at Nirbhay.SeleniumFW.ErrorValidation.ErrorValidation(ErrorValidation.java:39)
at java.base/java.util.ArrayList.forEach(ArrayList.java:1511)
at java.base/java.util.concurrent.FutureTask.run(FutureTask.java:264)
at java.base/java.util.concurrent.ThreadPoolExecutor.runWorker(ThreadPoolExecutor.java:1136)
at java.base/java.util.concurrent.ThreadPoolExecutor$Worker.run(ThreadPoolExecutor.java:635)
at java.base/java.lang.Thread.run(Thread.java:833)
... Removed 23 stack frames]]>
    </failure>
  </testcase> <!-- ErrorValidation -->
  <testcase classname="Nirbhay.SeleniumFW.ErrorValidation" name="ErrorValidationOnCart" time="9.325"/>
</testsuite> <!-- ErrorTest -->
