<?xml version="1.0" encoding="UTF-8"?>
<!-- Generated by org.testng.reporters.JUnitXMLReporter -->
<testsuite ignored="0" hostname="DESKTOP-VVISJF1" failures="0" tests="2" name="ErrorTest" time="26.581" errors="0" timestamp="2024-05-28T18:11:51 IST">
  <testcase classname="Nirbhay.SeleniumFW.ErrorValidation" name="ErrorValidation" time="0.0">
    <skipped/>
  </testcase> <!-- ErrorValidation -->
  <testcase classname="Nirbhay.SeleniumFW.ErrorValidation" name="ErrorValidationOnCart" time="0.0">
    <skipped/>
  </testcase> <!-- ErrorValidationOnCart -->
</testsuite> <!-- ErrorTest -->
