<?xml version="1.0" encoding="UTF-8"?>
<!-- Generated by org.testng.reporters.JUnitXMLReporter -->
<testsuite ignored="0" hostname="DESKTOP-VVISJF1" failures="0" tests="2" name="ErrorTest" time="8.435" errors="0" timestamp="2023-04-27T15:33:21 IST">
  <testcase classname="Nirbhay.SeleniumFW.ErrorValidation" name="ErrorValidation" time="0.005">
    <skipped/>
  </testcase> <!-- ErrorValidation -->
  <testcase classname="Nirbhay.SeleniumFW.ErrorValidation" name="ErrorValidationOnCart" time="0.0">
    <skipped/>
  </testcase> <!-- ErrorValidationOnCart -->
</testsuite> <!-- ErrorTest -->
